==24759== Memcheck, a memory error detector
==24759== Copyright (C) 2002-2017, and GNU GPL'd, by Julian Seward et al.
==24759== Using Valgrind-3.17.0-07f0cdcbb4-20210319X and LibVEX; rerun with -h for copyright info
==24759== Command: ./tradutor tests/testeErrado.c
==24759== Parent PID: 24758
==24759== 
--24759-- 
--24759-- Valgrind options:
--24759--    -v
--24759--    --tool=memcheck
--24759--    --leak-check=full
--24759--    --show-leak-kinds=all
--24759--    --track-origins=yes
--24759--    --log-file=logfile.out
--24759-- Contents of /proc/version:
--24759--   Linux version 5.13.7-051307-generic (kernel@sita) (gcc (Ubuntu 10.3.0-6ubuntu1) 10.3.0, GNU ld (GNU Binutils for Ubuntu) 2.37) #202107310732 SMP Sat Jul 31 07:53:42 UTC 2021
--24759-- 
--24759-- Arch and hwcaps: AMD64, LittleEndian, amd64-cx16-lzcnt-rdtscp-sse3-ssse3-avx-avx2-bmi-f16c-rdrand-rdseed
--24759-- Page sizes: currently 4096, max supported 4096
--24759-- Valgrind library directory: /usr/libexec/valgrind
--24759-- Reading syms from /home/desktop/Documentos/tradutores/18_0114913_sintatico/tradutor
--24759-- Reading syms from /usr/lib/x86_64-linux-gnu/ld-2.33.so
--24759--   Considering /usr/lib/x86_64-linux-gnu/ld-2.33.so ..
--24759--   .. CRC mismatch (computed 425b6850 wanted cee0dc4c)
--24759--   Considering /lib/x86_64-linux-gnu/ld-2.33.so ..
--24759--   .. CRC mismatch (computed 425b6850 wanted cee0dc4c)
--24759--   Considering /usr/lib/debug/lib/x86_64-linux-gnu/ld-2.33.so ..
--24759--   .. CRC is valid
--24759-- Reading syms from /usr/libexec/valgrind/memcheck-amd64-linux
--24759--    object doesn't have a symbol table
--24759--    object doesn't have a dynamic symbol table
--24759-- Scheduler: using generic scheduler lock implementation.
--24759-- Reading suppressions file: /usr/libexec/valgrind/default.supp
==24759== embedded gdbserver: reading from /tmp/vgdb-pipe-from-vgdb-to-24759-by-desktop-on-???
==24759== embedded gdbserver: writing to   /tmp/vgdb-pipe-to-vgdb-from-24759-by-desktop-on-???
==24759== embedded gdbserver: shared mem   /tmp/vgdb-pipe-shared-mem-vgdb-24759-by-desktop-on-???
==24759== 
==24759== TO CONTROL THIS PROCESS USING vgdb (which you probably
==24759== don't want to do, unless you know exactly what you're doing,
==24759== or are doing some strange experiment):
==24759==   /usr/bin/vgdb --pid=24759 ...command...
==24759== 
==24759== TO DEBUG THIS PROCESS USING GDB: start GDB like this
==24759==   /path/to/gdb ./tradutor
==24759== and then give GDB the following command
==24759==   target remote | /usr/bin/vgdb --pid=24759
==24759== --pid is optional if only one valgrind process is running
==24759== 
--24759-- REDIR: 0x40276d0 (ld-linux-x86-64.so.2:strlen) redirected to 0x580bd712 (???)
--24759-- REDIR: 0x40274a0 (ld-linux-x86-64.so.2:index) redirected to 0x580bd72c (???)
--24759-- Reading syms from /usr/libexec/valgrind/vgpreload_core-amd64-linux.so
--24759--    object doesn't have a symbol table
--24759-- Reading syms from /usr/libexec/valgrind/vgpreload_memcheck-amd64-linux.so
--24759--    object doesn't have a symbol table
==24759== WARNING: new redirection conflicts with existing -- ignoring it
--24759--     old: 0x040276d0 (strlen              ) R-> (0000.0) 0x580bd712 ???
--24759--     new: 0x040276d0 (strlen              ) R-> (2007.0) 0x04848d80 strlen
--24759-- REDIR: 0x4023eb0 (ld-linux-x86-64.so.2:strcmp) redirected to 0x4849c90 (strcmp)
--24759-- REDIR: 0x4027c30 (ld-linux-x86-64.so.2:mempcpy) redirected to 0x484d8f0 (mempcpy)
--24759-- Reading syms from /usr/lib/x86_64-linux-gnu/libc-2.33.so
--24759--   Considering /usr/lib/x86_64-linux-gnu/libc-2.33.so ..
--24759--   .. CRC mismatch (computed 31fcf0a5 wanted 9eb4d521)
--24759--   Considering /lib/x86_64-linux-gnu/libc-2.33.so ..
--24759--   .. CRC mismatch (computed 31fcf0a5 wanted 9eb4d521)
--24759--   Considering /usr/lib/debug/lib/x86_64-linux-gnu/libc-2.33.so ..
--24759--   .. CRC is valid
--24759-- REDIR: 0x4903f00 (libc.so.6:memmove) redirected to 0x48391c0 (_vgnU_ifunc_wrapper)
==24759== Preferring higher priority redirection:
--24759--     old: 0x049e9f40 (__memcpy_avx_unalign) R-> (2018.0) 0x0484afd0 __memcpy_avx_unaligned_erms
--24759--     new: 0x049e9f40 (__memcpy_avx_unalign) R-> (2018.1) 0x0484c940 memmove
--24759-- REDIR: 0x49033a0 (libc.so.6:strncpy) redirected to 0x48391c0 (_vgnU_ifunc_wrapper)
--24759-- REDIR: 0x4904240 (libc.so.6:strcasecmp) redirected to 0x48391c0 (_vgnU_ifunc_wrapper)
--24759-- REDIR: 0x4902e50 (libc.so.6:strcat) redirected to 0x48391c0 (_vgnU_ifunc_wrapper)
--24759-- REDIR: 0x4903400 (libc.so.6:rindex) redirected to 0x48391c0 (_vgnU_ifunc_wrapper)
--24759-- REDIR: 0x4905700 (libc.so.6:rawmemchr) redirected to 0x48391c0 (_vgnU_ifunc_wrapper)
--24759-- REDIR: 0x491f830 (libc.so.6:wmemchr) redirected to 0x48391c0 (_vgnU_ifunc_wrapper)
--24759-- REDIR: 0x491f370 (libc.so.6:wcscmp) redirected to 0x48391c0 (_vgnU_ifunc_wrapper)
--24759-- REDIR: 0x4904060 (libc.so.6:mempcpy) redirected to 0x48391c0 (_vgnU_ifunc_wrapper)
--24759-- REDIR: 0x4903e90 (libc.so.6:bcmp) redirected to 0x48391c0 (_vgnU_ifunc_wrapper)
--24759-- REDIR: 0x4903340 (libc.so.6:strncmp) redirected to 0x48391c0 (_vgnU_ifunc_wrapper)
--24759-- REDIR: 0x4902f00 (libc.so.6:strcmp) redirected to 0x48391c0 (_vgnU_ifunc_wrapper)
--24759-- REDIR: 0x4903fd0 (libc.so.6:memset) redirected to 0x48391c0 (_vgnU_ifunc_wrapper)
--24759-- REDIR: 0x491f330 (libc.so.6:wcschr) redirected to 0x48391c0 (_vgnU_ifunc_wrapper)
--24759-- REDIR: 0x49032a0 (libc.so.6:strnlen) redirected to 0x48391c0 (_vgnU_ifunc_wrapper)
--24759-- REDIR: 0x4902fe0 (libc.so.6:strcspn) redirected to 0x48391c0 (_vgnU_ifunc_wrapper)
--24759-- REDIR: 0x4904290 (libc.so.6:strncasecmp) redirected to 0x48391c0 (_vgnU_ifunc_wrapper)
--24759-- REDIR: 0x4902f80 (libc.so.6:strcpy) redirected to 0x48391c0 (_vgnU_ifunc_wrapper)
--24759-- REDIR: 0x49043e0 (libc.so.6:memcpy@@GLIBC_2.14) redirected to 0x48391c0 (_vgnU_ifunc_wrapper)
--24759-- REDIR: 0x4920ab0 (libc.so.6:wcsnlen) redirected to 0x48391c0 (_vgnU_ifunc_wrapper)
--24759-- REDIR: 0x491f3b0 (libc.so.6:wcscpy) redirected to 0x48391c0 (_vgnU_ifunc_wrapper)
--24759-- REDIR: 0x4903440 (libc.so.6:strpbrk) redirected to 0x48391c0 (_vgnU_ifunc_wrapper)
--24759-- REDIR: 0x4902eb0 (libc.so.6:index) redirected to 0x48391c0 (_vgnU_ifunc_wrapper)
--24759-- REDIR: 0x4903260 (libc.so.6:strlen) redirected to 0x48391c0 (_vgnU_ifunc_wrapper)
--24759-- REDIR: 0x490bc20 (libc.so.6:memrchr) redirected to 0x48391c0 (_vgnU_ifunc_wrapper)
--24759-- REDIR: 0x49042e0 (libc.so.6:strcasecmp_l) redirected to 0x48391c0 (_vgnU_ifunc_wrapper)
--24759-- REDIR: 0x4903e50 (libc.so.6:memchr) redirected to 0x48391c0 (_vgnU_ifunc_wrapper)
--24759-- REDIR: 0x491f480 (libc.so.6:wcslen) redirected to 0x48391c0 (_vgnU_ifunc_wrapper)
--24759-- REDIR: 0x4903560 (libc.so.6:strspn) redirected to 0x48391c0 (_vgnU_ifunc_wrapper)
--24759-- REDIR: 0x49041e0 (libc.so.6:stpncpy) redirected to 0x48391c0 (_vgnU_ifunc_wrapper)
--24759-- REDIR: 0x4904180 (libc.so.6:stpcpy) redirected to 0x48391c0 (_vgnU_ifunc_wrapper)
--24759-- REDIR: 0x4905740 (libc.so.6:strchrnul) redirected to 0x48391c0 (_vgnU_ifunc_wrapper)
--24759-- REDIR: 0x4904330 (libc.so.6:strncasecmp_l) redirected to 0x48391c0 (_vgnU_ifunc_wrapper)
--24759-- REDIR: 0x49e6d60 (libc.so.6:__strrchr_avx2) redirected to 0x4848750 (rindex)
--24759-- REDIR: 0x48fe130 (libc.so.6:malloc) redirected to 0x48427c0 (malloc)
--24759-- REDIR: 0x4903a20 (libc.so.6:__GI_strstr) redirected to 0x484db90 (__strstr_sse2)
--24759-- REDIR: 0x49ea3d0 (libc.so.6:__memset_avx2_unaligned_erms) redirected to 0x484c830 (memset)
--24759-- REDIR: 0x49e6b70 (libc.so.6:__strchrnul_avx2) redirected to 0x484d400 (strchrnul)
--24759-- REDIR: 0x49e9f20 (libc.so.6:__mempcpy_avx_unaligned_erms) redirected to 0x484d510 (mempcpy)
--24759-- REDIR: 0x49e6f30 (libc.so.6:__strlen_avx2) redirected to 0x4848c60 (strlen)
--24759-- REDIR: 0x48fe740 (libc.so.6:free) redirected to 0x48451b0 (free)
==24759== 
==24759== HEAP SUMMARY:
==24759==     in use at exit: 0 bytes in 0 blocks
==24759==   total heap usage: 6 allocs, 6 frees, 22,050 bytes allocated
==24759== 
==24759== All heap blocks were freed -- no leaks are possible
==24759== 
==24759== ERROR SUMMARY: 0 errors from 0 contexts (suppressed: 0 from 0)
